Traceback (most recent call last):
  File "/opt/hostedtoolcache/Python/3.8.17/x64/lib/python3.8/site-packages/jupyter_cache/executors/utils.py", line 58, in single_nb_execution
    executenb(
  File "/opt/hostedtoolcache/Python/3.8.17/x64/lib/python3.8/site-packages/nbclient/client.py", line 1305, in execute
    return NotebookClient(nb=nb, resources=resources, km=km, **kwargs).execute()
  File "/opt/hostedtoolcache/Python/3.8.17/x64/lib/python3.8/site-packages/jupyter_core/utils/__init__.py", line 166, in wrapped
    return loop.run_until_complete(inner)
  File "/opt/hostedtoolcache/Python/3.8.17/x64/lib/python3.8/asyncio/base_events.py", line 616, in run_until_complete
    return future.result()
  File "/opt/hostedtoolcache/Python/3.8.17/x64/lib/python3.8/site-packages/nbclient/client.py", line 705, in async_execute
    await self.async_execute_cell(
  File "/opt/hostedtoolcache/Python/3.8.17/x64/lib/python3.8/site-packages/nbclient/client.py", line 1058, in async_execute_cell
    await self._check_raise_for_error(cell, cell_index, exec_reply)
  File "/opt/hostedtoolcache/Python/3.8.17/x64/lib/python3.8/site-packages/nbclient/client.py", line 914, in _check_raise_for_error
    raise CellExecutionError.from_cell_and_msg(cell, exec_reply_content)
nbclient.exceptions.CellExecutionError: An error occurred while executing the following cell:
------------------
# Count how many times the names Jim, Tom, and Huck appear in each chapter.

#counts = Table().with_columns([
 #       'Jim', np.char.count(huck_finn_chapters, 'Jim'),
 #       'Tom', np.char.count(huck_finn_chapters, 'Tom'),
 #       'Huck', np.char.count(huck_finn_chapters, 'Huck')
  #  ])
counts = pd.DataFrame.from_dict({
        'Elizabeth': np.char.count(huck_finn_chapters, 'Elizabeth'),
        'Darcy': np.char.count(huck_finn_chapters, 'Darcy'),
        'Lydia': np.char.count(huck_finn_chapters, 'Lydia'),
        'Wickham': np.char.count(huck_finn_chapters, 'Wickham'),
        'Bingley': np.char.count(huck_finn_chapters, 'Bingley'),
        'Jane': np.char.count(huck_finn_chapters, 'Jane')},
    )

# Plot the cumulative counts:
# how many times in Chapter 1, how many times in Chapters 1 and 2, and so on.

#cum_counts = counts.cumsum().with_column('Chapter', np.arange(1, 44, 1)) Old
cum_counts = counts.cumsum()

# Add the chapter numbers
number_of_chapters = len(huck_finn_chapters)
cum_counts['Chapter'] = np.arange(number_of_chapters)

#cum_counts.plot(column_for_xticks=3)
# Do the plot
cum_counts.plot(x='Chapter')
plt.title('Cumulative Number of Times Each Name Appears');
#plt.title('Cumulative Number of Times Each Name Appears', y=1.08);
------------------


[0;31m---------------------------------------------------------------------------[0m
[0;31mNameError[0m                                 Traceback (most recent call last)
Cell [0;32mIn[15], line 9[0m
[1;32m      1[0m [38;5;66;03m# Count how many times the names Jim, Tom, and Huck appear in each chapter.[39;00m
[1;32m      2[0m 
[1;32m      3[0m [38;5;66;03m#counts = Table().with_columns([[39;00m
[0;32m   (...)[0m
[1;32m      6[0m  [38;5;66;03m#       'Huck', np.char.count(huck_finn_chapters, 'Huck')[39;00m
[1;32m      7[0m   [38;5;66;03m#  ])[39;00m
[1;32m      8[0m counts [38;5;241m=[39m pd[38;5;241m.[39mDataFrame[38;5;241m.[39mfrom_dict({
[0;32m----> 9[0m         [38;5;124m'[39m[38;5;124mElizabeth[39m[38;5;124m'[39m: np[38;5;241m.[39mchar[38;5;241m.[39mcount([43mhuck_finn_chapters[49m, [38;5;124m'[39m[38;5;124mElizabeth[39m[38;5;124m'[39m),
[1;32m     10[0m         [38;5;124m'[39m[38;5;124mDarcy[39m[38;5;124m'[39m: np[38;5;241m.[39mchar[38;5;241m.[39mcount(huck_finn_chapters, [38;5;124m'[39m[38;5;124mDarcy[39m[38;5;124m'[39m),
[1;32m     11[0m         [38;5;124m'[39m[38;5;124mLydia[39m[38;5;124m'[39m: np[38;5;241m.[39mchar[38;5;241m.[39mcount(huck_finn_chapters, [38;5;124m'[39m[38;5;124mLydia[39m[38;5;124m'[39m),
[1;32m     12[0m         [38;5;124m'[39m[38;5;124mWickham[39m[38;5;124m'[39m: np[38;5;241m.[39mchar[38;5;241m.[39mcount(huck_finn_chapters, [38;5;124m'[39m[38;5;124mWickham[39m[38;5;124m'[39m),
[1;32m     13[0m         [38;5;124m'[39m[38;5;124mBingley[39m[38;5;124m'[39m: np[38;5;241m.[39mchar[38;5;241m.[39mcount(huck_finn_chapters, [38;5;124m'[39m[38;5;124mBingley[39m[38;5;124m'[39m),
[1;32m     14[0m         [38;5;124m'[39m[38;5;124mJane[39m[38;5;124m'[39m: np[38;5;241m.[39mchar[38;5;241m.[39mcount(huck_finn_chapters, [38;5;124m'[39m[38;5;124mJane[39m[38;5;124m'[39m)},
[1;32m     15[0m     )
[1;32m     17[0m [38;5;66;03m# Plot the cumulative counts:[39;00m
[1;32m     18[0m [38;5;66;03m# how many times in Chapter 1, how many times in Chapters 1 and 2, and so on.[39;00m
[1;32m     19[0m 
[1;32m     20[0m [38;5;66;03m#cum_counts = counts.cumsum().with_column('Chapter', np.arange(1, 44, 1)) Old[39;00m
[1;32m     21[0m cum_counts [38;5;241m=[39m counts[38;5;241m.[39mcumsum()

[0;31mNameError[0m: name 'huck_finn_chapters' is not defined

